2023-08-17T23:05:51.009609100+02:00 - 
==================================== Chimp Started ===============================

2023-08-17T23:05:53.494022+02:00 - >> position startpos moves e2e4 b7b5 g1f3 d7d6 b1c3 f7f5 e4f5

2023-08-17T23:05:53.494255500+02:00 - Start position command
2023-08-17T23:05:53.494329100+02:00 - Current moves: []
2023-08-17T23:05:53.494372700+02:00 - add_word e2e4
2023-08-17T23:05:53.494425100+02:00 - add_word b7b5
2023-08-17T23:05:53.494455400+02:00 - add_word g1f3
2023-08-17T23:05:53.494483600+02:00 - add_word d7d6
2023-08-17T23:05:53.494511500+02:00 - add_word b1c3
2023-08-17T23:05:53.494540900+02:00 - add_word f7f5
2023-08-17T23:05:53.494568800+02:00 - add_word e4f5
2023-08-17T23:05:53.494621800+02:00 - position command resulted in fen: Xrnbqkbn/r1p1p1pp/3p4/1p3P2/5p2/2N2N2/PPPP1PPP/R1BQKB1R b KQkq - 0 4
2023-08-17T23:06:08.172064300+02:00 - >> position startpos

2023-08-17T23:06:08.172154+02:00 - Start position command
2023-08-17T23:06:08.172183200+02:00 - Loading initial boardstate
2023-08-17T23:06:16.066774700+02:00 - >> go

2023-08-17T23:06:16.068808500+02:00 - bestmove b1c3 of 20
2023-08-17T23:06:32.884442600+02:00 - >> position startpos moves e2e4 b7b5 g1f3 d7d6 b1c3 f7f5

2023-08-17T23:06:32.884532100+02:00 - Start position command
2023-08-17T23:06:32.884580700+02:00 - Current moves: ["e2e4", "b7b5", "g1f3", "d7d6", "b1c3", "f7f5", "e4f5"]
2023-08-17T23:06:32.884692100+02:00 - position command resulted in fen: rnbqkbnr/pppppppp/8/8/8/8/PPPPPPPP/RNBQKBNR w KQkq - 0 1
2023-08-17T23:07:07.842583400+02:00 - 
==================================== Chimp Started ===============================

2023-08-17T23:07:12.107592100+02:00 - >> position startpos moves e2e4 b7b5 g1f3 d7d6 b1c3 f7f5

2023-08-17T23:07:12.107673500+02:00 - Start position command
2023-08-17T23:07:12.107758900+02:00 - Current moves: []
2023-08-17T23:07:12.107792300+02:00 - add_word e2e4
2023-08-17T23:07:12.107892900+02:00 - add_word b7b5
2023-08-17T23:07:12.107912800+02:00 - add_word g1f3
2023-08-17T23:07:12.107929300+02:00 - add_word d7d6
2023-08-17T23:07:12.107945800+02:00 - add_word b1c3
2023-08-17T23:07:12.107962400+02:00 - add_word f7f5
2023-08-17T23:07:12.108003700+02:00 - position command resulted in fen: rnbqkbnr/p1p1p1pp/3p4/1p3p2/4P3/2N2N2/PPPP1PPP/R1BQKB1R w KQkq - 0 4
2023-08-17T23:07:30.824949500+02:00 - >> position startpos moves e2e4 b7b5 g1f3 d7d6 b1c3 f7f5 e4f5

2023-08-17T23:07:30.825018300+02:00 - Start position command
2023-08-17T23:07:30.825040500+02:00 - Current moves: ["e2e4", "b7b5", "g1f3", "d7d6", "b1c3", "f7f5"]
2023-08-17T23:07:30.825095100+02:00 - add_word e4f5
2023-08-17T23:07:30.825175300+02:00 - position command resulted in fen: Xrnbqkbn/r1p1p1pp/3p4/1p3P2/5p2/2N2N2/PPPP1PPP/R1BQKB1R b KQkq - 0 4
2023-08-18T14:41:18.818470200+02:00 - 
==================================== Chimp Started ===============================

2023-08-18T14:41:39.772333600+02:00 - >> position startpos

2023-08-18T14:41:39.772467300+02:00 - Start position command
2023-08-18T14:41:39.772526300+02:00 - Loading initial boardstate
2023-08-18T14:41:42.471731500+02:00 - >> go

2023-08-18T14:41:42.472797500+02:00 - bestmove g1h3
2023-08-18T14:41:59.061882300+02:00 - >> position startpos moves g1h3

2023-08-18T14:41:59.061941300+02:00 - Start position command
2023-08-18T14:41:59.061964+02:00 - Current moves: []
2023-08-18T14:41:59.061993400+02:00 - add_word g1h3
2023-08-18T14:41:59.062261700+02:00 - position command resulted in fen: rnbqkbnr/pppppppp/8/8/8/7N/PPPPPPPP/RNBQKB1R b KQkq - 1 1
2023-08-18T14:42:00.455568700+02:00 - >> go

2023-08-18T14:42:00.456970100+02:00 - bestmove h7h6
2023-08-18T14:42:05.860584300+02:00 - >> position startpos moves g1h3 h7h6

2023-08-18T14:42:05.860753600+02:00 - Start position command
2023-08-18T14:42:05.860794700+02:00 - Current moves: ["g1h3"]
2023-08-18T14:42:05.861086800+02:00 - add_word h7h6
2023-08-18T14:42:05.861172500+02:00 - position command resulted in fen: rnbqkbnr/ppppppp1/7p/8/8/7N/PPPPPPPP/RNBQKB1R w KQkq - 0 2
2023-08-18T14:42:07.210379100+02:00 - >> go

2023-08-18T14:42:07.211309700+02:00 - bestmove h1g1
2023-08-18T14:42:13.146058100+02:00 - >> go

2023-08-18T14:42:13.147268100+02:00 - bestmove h1g1
2023-08-18T14:42:24.241422500+02:00 - >> position startpos moves g1h3 h7h6 h1g1

2023-08-18T14:42:24.241485500+02:00 - Start position command
2023-08-18T14:42:24.241521100+02:00 - Current moves: ["g1h3", "h7h6"]
2023-08-18T14:42:24.241583500+02:00 - add_word h1g1
2023-08-18T14:42:24.241679100+02:00 - position command resulted in fen: rnbqkbnr/ppppppp1/7p/8/8/7N/PPPPPPPP/RNBQKBR1 b Qkq - 1 2
2023-08-18T14:42:26.101153700+02:00 - >> go

2023-08-18T14:42:26.102249100+02:00 - bestmove h6h5
2023-08-18T14:42:31.680301800+02:00 - >> position startpos moves g1h3 h7h6 h1g1 h6h5

2023-08-18T14:42:31.680387700+02:00 - Start position command
2023-08-18T14:42:31.680449100+02:00 - Current moves: ["g1h3", "h7h6", "h1g1"]
2023-08-18T14:42:31.680506900+02:00 - add_word h6h5
2023-08-18T14:42:31.680617900+02:00 - position command resulted in fen: rnbqkbnr/ppppppp1/8/7p/8/7N/PPPPPPPP/RNBQKBR1 w Qkq - 0 3
2023-08-18T14:42:32.627741100+02:00 - >> go

2023-08-18T14:42:32.628659200+02:00 - bestmove g1h1
2023-08-18T14:42:38.645154600+02:00 - >> position startpos moves g1h3 h7h6 h1g1 h6h5 g1h1

2023-08-18T14:42:38.645214900+02:00 - Start position command
2023-08-18T14:42:38.645236500+02:00 - Current moves: ["g1h3", "h7h6", "h1g1", "h6h5"]
2023-08-18T14:42:38.645269+02:00 - add_word g1h1
2023-08-18T14:42:38.645312100+02:00 - position command resulted in fen: rnbqkbnr/ppppppp1/8/7p/8/7N/PPPPPPPP/RNBQKB1R b Qkq - 1 3
2023-08-18T14:42:39.519663200+02:00 - >> go

2023-08-18T14:42:39.520832700+02:00 - bestmove h5h4
2023-08-18T14:42:43.663405700+02:00 - >> position startpos moves g1h3 h7h6 h1g1 h6h5 g1h1 h5h4

2023-08-18T14:42:43.663487200+02:00 - Start position command
2023-08-18T14:42:43.663516300+02:00 - Current moves: ["g1h3", "h7h6", "h1g1", "h6h5", "g1h1"]
2023-08-18T14:42:43.663552300+02:00 - add_word h5h4
2023-08-18T14:42:43.663590100+02:00 - position command resulted in fen: rnbqkbnr/ppppppp1/8/8/7p/7N/PPPPPPPP/RNBQKB1R w Qkq - 0 4
2023-08-18T14:42:45.635286200+02:00 - >> go

2023-08-18T14:42:45.636314300+02:00 - bestmove h1g1
